2026-02-13 19:01:03,005 [INFO] Activator:176 - 


2026-02-13 19:01:03,010 [INFO] Activator:177 - !SESSION log4j initialized
2026-02-13 19:01:05,514 [INFO] LogOutputStream:77 - [STDOUT_REDIRECT] 
2026-02-13 19:01:07,881 [INFO] ApplicationProperties:184 - Using Application install path: C:\ST\STM32CubeIDE_1.19.0\STM32CubeIDE\plugins\com.st.stm32cube.common.mx_6.15.0.202507011659
2026-02-13 19:01:07,905 [INFO] DbMcusXml:78 - Set database path to: C:\ST\STM32CubeIDE_1.19.0\STM32CubeIDE\plugins\com.st.stm32cube.common.mx_6.15.0.202507011659\\db\/mcu/
2026-02-13 19:01:07,905 [INFO] ApiDb:274 - Set plugin database path to: C:\ST\STM32CubeIDE_1.19.0\STM32CubeIDE\plugins\com.st.stm32cube.common.mx_6.15.0.202507011659\\db\/plugins/boardmanager/
2026-02-13 19:01:07,906 [WARN] ApiDb:259 - Overriding images path with different value:  => C:\ST\STM32CubeIDE_1.19.0\STM32CubeIDE\plugins\com.st.stm32cube.common.mx_6.15.0.202507011659\\db\/plugins/mcufinder/images/
2026-02-13 19:01:07,916 [INFO] ApiDb:250 - Set database path to: C:\Users\kanna\.stmcufinder\plugins\mcufinder//mcu/
2026-02-13 19:01:07,918 [INFO] DbMcusAds:125 - Set database path to: C:\Users\kanna\.stmcufinder\plugins\mcufinder//mcu/
2026-02-13 19:01:07,921 [INFO] CrossReferenceDbSqlite:203 - Set database path to: C:\Users\kanna\.stmcufinder\plugins\mcufinder//mcu/cs/
2026-02-13 19:01:08,109 [INFO] RulesReader:64 - Compatibility file has been processed (317 Rules)
2026-02-13 19:01:08,225 [INFO] DbMcusXml:78 - Set database path to: C:\ST\STM32CubeIDE_1.19.0\STM32CubeIDE\plugins\com.st.stm32cube.common.mx_6.15.0.202507011659\\db\/mcu/
2026-02-13 19:01:08,225 [INFO] ApiDb:274 - Set plugin database path to: C:\ST\STM32CubeIDE_1.19.0\STM32CubeIDE\plugins\com.st.stm32cube.common.mx_6.15.0.202507011659\\db\/plugins/boardmanager/
2026-02-13 19:01:08,225 [INFO] ApiDb:261 - Set plugin images path to: C:\ST\STM32CubeIDE_1.19.0\STM32CubeIDE\plugins\com.st.stm32cube.common.mx_6.15.0.202507011659\\db\/plugins/mcufinder/images/
2026-02-13 19:01:08,226 [WARN] DbFile:41 - Overriding database path with different value: C:\Users\kanna\.stmcufinder\plugins\mcufinder/ => C:\Users\kanna\.stmcufinder\plugins\mcufinder
2026-02-13 19:01:08,226 [INFO] ApiDb:250 - Set database path to: C:\Users\kanna\.stmcufinder\plugins\mcufinder//mcu/
2026-02-13 19:01:08,226 [WARN] DbFile:41 - Overriding database path with different value: C:\Users\kanna\.stmcufinder\plugins\mcufinder/ => C:\Users\kanna\.stmcufinder\plugins\mcufinder
2026-02-13 19:01:08,226 [INFO] DbMcusAds:125 - Set database path to: C:\Users\kanna\.stmcufinder\plugins\mcufinder//mcu/
2026-02-13 19:01:08,226 [WARN] DbFile:41 - Overriding database path with different value: C:\Users\kanna\.stmcufinder\plugins\mcufinder/ => C:\Users\kanna\.stmcufinder\plugins\mcufinder
2026-02-13 19:01:08,226 [WARN] DbFile:41 - Overriding database path with different value: C:\Users\kanna\.stmcufinder\plugins\mcufinder/ => C:\Users\kanna\.stmcufinder\plugins\mcufinder
2026-02-13 19:01:08,226 [INFO] CrossReferenceDbSqlite:203 - Set database path to: C:\Users\kanna\.stmcufinder\plugins\mcufinder//mcu/cs/
2026-02-13 19:01:08,340 [INFO] MainPanel:274 - HeapMemory: 268435456
2026-02-13 19:01:08,487 [INFO] DbMcusXml:78 - Set database path to: C:\ST\STM32CubeIDE_1.19.0\STM32CubeIDE\plugins\com.st.stm32cube.common.mx_6.15.0.202507011659\\db\/mcu/
2026-02-13 19:01:08,488 [INFO] ApiDb:274 - Set plugin database path to: C:\ST\STM32CubeIDE_1.19.0\STM32CubeIDE\plugins\com.st.stm32cube.common.mx_6.15.0.202507011659\\db\/plugins/boardmanager/
2026-02-13 19:01:08,488 [INFO] ApiDb:261 - Set plugin images path to: C:\ST\STM32CubeIDE_1.19.0\STM32CubeIDE\plugins\com.st.stm32cube.common.mx_6.15.0.202507011659\\db\/plugins/mcufinder/images/
2026-02-13 19:01:08,488 [WARN] DbFile:41 - Overriding database path with different value: C:\Users\kanna\.stmcufinder\plugins\mcufinder/ => C:\Users\kanna\.stmcufinder\plugins\mcufinder
2026-02-13 19:01:08,488 [INFO] ApiDb:250 - Set database path to: C:\Users\kanna\.stmcufinder\plugins\mcufinder//mcu/
2026-02-13 19:01:08,488 [WARN] DbFile:41 - Overriding database path with different value: C:\Users\kanna\.stmcufinder\plugins\mcufinder/ => C:\Users\kanna\.stmcufinder\plugins\mcufinder
2026-02-13 19:01:08,489 [INFO] DbMcusAds:125 - Set database path to: C:\Users\kanna\.stmcufinder\plugins\mcufinder//mcu/
2026-02-13 19:01:08,489 [WARN] DbFile:41 - Overriding database path with different value: C:\Users\kanna\.stmcufinder\plugins\mcufinder/ => C:\Users\kanna\.stmcufinder\plugins\mcufinder
2026-02-13 19:01:08,489 [WARN] DbFile:41 - Overriding database path with different value: C:\Users\kanna\.stmcufinder\plugins\mcufinder/ => C:\Users\kanna\.stmcufinder\plugins\mcufinder
2026-02-13 19:01:08,489 [INFO] CrossReferenceDbSqlite:203 - Set database path to: C:\Users\kanna\.stmcufinder\plugins\mcufinder//mcu/cs/
2026-02-13 19:01:08,521 [INFO] ApplicationProperties:184 - Using Application install path: C:\ST\STM32CubeIDE_1.19.0\STM32CubeIDE\plugins\com.st.stm32cube.common.mx_6.15.0.202507011659
2026-02-13 19:01:08,523 [INFO] PluginManage:196 - Search for loadable plugins [exclusion list=, ]
2026-02-13 19:01:08,527 [INFO] PluginManage:310 - Check plugin analytics
2026-02-13 19:01:08,880 [INFO] AnalyticsPlugin:253 - Accepted Software Licenses: 
2026-02-13 19:01:08,880 [INFO] AnalyticsPlugin:255 - Accepted CMSIS Pack Licenses: 
2026-02-13 19:01:08,880 [INFO] AnalyticsPlugin:257 - Accepted Firmware Licenses: FW.G4.1.6.0
2026-02-13 19:01:08,884 [INFO] PluginManage:359 - Loaded plugin analytics (category:tool,tabindex:-1)
2026-02-13 19:01:08,884 [INFO] PluginManage:310 - Check plugin cadmodel
2026-02-13 19:01:08,889 [INFO] CADModel:105 - Init CAD model plugin
2026-02-13 19:01:08,890 [INFO] PluginManage:359 - Loaded plugin cadmodel (category:power,tabindex:5)
2026-02-13 19:01:08,891 [INFO] PluginManage:310 - Check plugin clock
2026-02-13 19:01:08,904 [INFO] PluginManage:359 - Loaded plugin clock (category:base,tabindex:2)
2026-02-13 19:01:08,904 [INFO] PluginManage:310 - Check plugin ddr
2026-02-13 19:01:08,908 [INFO] PluginManage:359 - Loaded plugin ddr (category:tool,tabindex:6)
2026-02-13 19:01:08,909 [INFO] PluginManage:310 - Check plugin filemanager
2026-02-13 19:01:09,188 [INFO] PluginManage:359 - Loaded plugin filemanager (category:base,tabindex:10)
2026-02-13 19:01:09,189 [INFO] PluginManage:310 - Check plugin ipmanager
2026-02-13 19:01:09,220 [INFO] PluginManage:359 - Loaded plugin ipmanager (category:base,tabindex:5)
2026-02-13 19:01:09,220 [INFO] PluginManage:310 - Check plugin lpbam
2026-02-13 19:01:09,236 [INFO] PluginManage:359 - Loaded plugin lpbam (category:base,tabindex:0)
2026-02-13 19:01:09,236 [INFO] PluginManage:310 - Check plugin memorymap
2026-02-13 19:01:09,267 [INFO] PluginManage:359 - Loaded plugin memorymap (category:base,tabindex:4)
2026-02-13 19:01:09,267 [INFO] PluginManage:310 - Check plugin pinoutandconfiguration
2026-02-13 19:01:09,280 [INFO] PluginManage:359 - Loaded plugin pinoutandconfiguration (category:base,tabindex:1)
2026-02-13 19:01:09,280 [INFO] PluginManage:310 - Check plugin pinoutconfig
2026-02-13 19:01:09,419 [WARN] SupportedApi:132 - Cannot load RTOS API schema: s4s-elt-must-match.1: The content of 'definitions' must match (annotation?, (simpleType | complexType)?, (unique | key | keyref)*)). A problem was found starting at: attribute.
2026-02-13 19:01:09,676 [INFO] PluginManage:359 - Loaded plugin pinoutconfig (category:base,tabindex:0)
2026-02-13 19:01:09,677 [INFO] PluginManage:310 - Check plugin power
2026-02-13 19:01:09,690 [INFO] PluginManage:359 - Loaded plugin power (category:power,tabindex:4)
2026-02-13 19:01:09,690 [INFO] PluginManage:310 - Check plugin projectmanager
2026-02-13 19:01:09,714 [INFO] PluginManage:359 - Loaded plugin projectmanager (category:projectmanager,tabindex:4)
2026-02-13 19:01:09,714 [INFO] PluginManage:310 - Check plugin rif
2026-02-13 19:01:09,728 [INFO] PluginManage:359 - Loaded plugin rif (category:base,tabindex:3)
2026-02-13 19:01:09,728 [INFO] PluginManage:310 - Check plugin thirdparty
2026-02-13 19:01:09,914 [WARN] IntegrityCheckThread:84 - waiting for thirdparty lock release [integrity check]
2026-02-13 19:01:09,914 [INFO] IntegrityCheckThread:86 - entering critical section [integrity check]
2026-02-13 19:01:09,914 [INFO] ThirdPartyUpdaterWithRetryManager:70 - Updater plugin not ready yet. [1/15]
2026-02-13 19:01:09,914 [INFO] PluginManage:359 - Loaded plugin thirdparty (category:base,tabindex:-1)
2026-02-13 19:01:09,914 [INFO] PluginManage:310 - Check plugin tools
2026-02-13 19:01:09,918 [INFO] PluginManage:359 - Loaded plugin tools (category:base,tabindex:7)
2026-02-13 19:01:09,918 [INFO] PluginManage:310 - Check plugin tutovideos
2026-02-13 19:01:10,241 [INFO] PluginManage:359 - Loaded plugin tutovideos (category:base,tabindex:-1)
2026-02-13 19:01:10,241 [INFO] PluginManage:310 - Check plugin updater
2026-02-13 19:01:10,267 [INFO] PluginManage:359 - Loaded plugin updater (category:base,tabindex:12)
2026-02-13 19:01:10,267 [INFO] PluginManage:310 - Check plugin userauth
2026-02-13 19:01:10,272 [INFO] UserAuth:118 - Init User Auth plugin
2026-02-13 19:01:10,273 [INFO] PluginManage:359 - Loaded plugin userauth (category:base,tabindex:14)
2026-02-13 19:01:10,274 [INFO] PluginManage:283 - PluginManage : Loaded plugins [18]
2026-02-13 19:01:10,554 [INFO] PinOutPanel:1589 - setPackage(No Configuration,No Configuration)
2026-02-13 19:01:10,665 [INFO] CADModel:165 - CPN selected for project level
2026-02-13 19:01:10,665 [INFO] CADModel:114 - Register for checkConnection events
2026-02-13 19:01:10,691 [INFO] IPUIPlugin:80 - create IPUIPlugin
2026-02-13 19:01:10,692 [INFO] PluginManager:220 - loadIPPluginJar : add adc
2026-02-13 19:01:10,696 [INFO] IPUIPlugin:80 - create IPUIPlugin
2026-02-13 19:01:10,696 [INFO] PluginManager:220 - loadIPPluginJar : add aes
2026-02-13 19:01:10,698 [INFO] IPUIPlugin:80 - create IPUIPlugin
2026-02-13 19:01:10,699 [INFO] PluginManager:220 - loadIPPluginJar : add can
2026-02-13 19:01:10,700 [INFO] IPUIPlugin:80 - create IPUIPlugin
2026-02-13 19:01:10,700 [INFO] PluginManager:220 - loadIPPluginJar : add comp
2026-02-13 19:01:10,703 [INFO] IPUIPlugin:80 - create IPUIPlugin
2026-02-13 19:01:10,703 [INFO] PluginManager:220 - loadIPPluginJar : add cryp
2026-02-13 19:01:10,710 [INFO] IPUIPlugin:80 - create IPUIPlugin
2026-02-13 19:01:10,710 [INFO] PluginManager:220 - loadIPPluginJar : add ddr_ctrl_phy
2026-02-13 19:01:10,714 [INFO] IPUIPlugin:80 - create IPUIPlugin
2026-02-13 19:01:10,714 [INFO] PluginManager:220 - loadIPPluginJar : add dfsdm
2026-02-13 19:01:10,719 [INFO] IPUIPlugin:80 - create IPUIPlugin
2026-02-13 19:01:10,720 [INFO] PluginManager:220 - loadIPPluginJar : add dma
2026-02-13 19:01:10,725 [INFO] IPUIPlugin:80 - create IPUIPlugin
2026-02-13 19:01:10,726 [INFO] PluginManager:220 - loadIPPluginJar : add dma3
2026-02-13 19:01:10,729 [INFO] IPUIPlugin:80 - create IPUIPlugin
2026-02-13 19:01:10,729 [INFO] PluginManager:220 - loadIPPluginJar : add extmemmanager
2026-02-13 19:01:10,731 [INFO] IPUIPlugin:80 - create IPUIPlugin
2026-02-13 19:01:10,731 [INFO] PluginManager:220 - loadIPPluginJar : add fatfs
2026-02-13 19:01:10,736 [INFO] IPUIPlugin:80 - create IPUIPlugin
2026-02-13 19:01:10,736 [INFO] PluginManager:220 - loadIPPluginJar : add fmc
2026-02-13 19:01:10,742 [INFO] IPUIPlugin:80 - create IPUIPlugin
2026-02-13 19:01:10,742 [INFO] PluginManager:220 - loadIPPluginJar : add freertos
2026-02-13 19:01:10,745 [INFO] IPUIPlugin:80 - create IPUIPlugin
2026-02-13 19:01:10,745 [INFO] PluginManager:220 - loadIPPluginJar : add genericplugin
2026-02-13 19:01:10,749 [INFO] IPUIPlugin:80 - create IPUIPlugin
2026-02-13 19:01:10,749 [INFO] PluginManager:220 - loadIPPluginJar : add gfxmmu
2026-02-13 19:01:10,755 [INFO] IPUIPlugin:80 - create IPUIPlugin
2026-02-13 19:01:10,755 [INFO] PluginManager:220 - loadIPPluginJar : add gic
2026-02-13 19:01:10,760 [INFO] IPUIPlugin:80 - create IPUIPlugin
2026-02-13 19:01:10,760 [INFO] PluginManager:220 - loadIPPluginJar : add gpio
2026-02-13 19:01:10,764 [INFO] IPUIPlugin:80 - create IPUIPlugin
2026-02-13 19:01:10,764 [INFO] PluginManager:220 - loadIPPluginJar : add gtzc
2026-02-13 19:01:10,766 [INFO] IPUIPlugin:80 - create IPUIPlugin
2026-02-13 19:01:10,766 [INFO] PluginManager:220 - loadIPPluginJar : add hash
2026-02-13 19:01:10,769 [INFO] IPUIPlugin:80 - create IPUIPlugin
2026-02-13 19:01:10,769 [INFO] PluginManager:220 - loadIPPluginJar : add i2c
2026-02-13 19:01:10,773 [INFO] IPUIPlugin:80 - create IPUIPlugin
2026-02-13 19:01:10,773 [INFO] PluginManager:220 - loadIPPluginJar : add i2s
2026-02-13 19:01:10,778 [INFO] IPUIPlugin:80 - create IPUIPlugin
2026-02-13 19:01:10,778 [INFO] PluginManager:220 - loadIPPluginJar : add i3c
2026-02-13 19:01:10,783 [INFO] IPUIPlugin:80 - create IPUIPlugin
2026-02-13 19:01:10,783 [INFO] PluginManager:220 - loadIPPluginJar : add ipddr
2026-02-13 19:01:10,791 [INFO] IPUIPlugin:80 - create IPUIPlugin
2026-02-13 19:01:10,793 [INFO] PluginManager:220 - loadIPPluginJar : add linkedlist
2026-02-13 19:01:10,797 [INFO] IPUIPlugin:80 - create IPUIPlugin
2026-02-13 19:01:10,797 [INFO] PluginManager:220 - loadIPPluginJar : add lorawan
2026-02-13 19:01:10,799 [INFO] IPUIPlugin:80 - create IPUIPlugin
2026-02-13 19:01:10,799 [INFO] PluginManager:220 - loadIPPluginJar : add ltdc
2026-02-13 19:01:10,804 [INFO] IPUIPlugin:80 - create IPUIPlugin
2026-02-13 19:01:10,805 [INFO] PluginManager:220 - loadIPPluginJar : add mdma
2026-02-13 19:01:10,810 [INFO] IPUIPlugin:80 - create IPUIPlugin
2026-02-13 19:01:10,810 [INFO] PluginManager:220 - loadIPPluginJar : add nvic
2026-02-13 19:01:10,814 [INFO] IPUIPlugin:80 - create IPUIPlugin
2026-02-13 19:01:10,815 [INFO] PluginManager:220 - loadIPPluginJar : add opamp
2026-02-13 19:01:10,818 [INFO] IPUIPlugin:80 - create IPUIPlugin
2026-02-13 19:01:10,818 [INFO] PluginManager:220 - loadIPPluginJar : add openamp
2026-02-13 19:01:10,822 [INFO] IPUIPlugin:80 - create IPUIPlugin
2026-02-13 19:01:10,822 [INFO] PluginManager:220 - loadIPPluginJar : add pdm2pcm
2026-02-13 19:01:10,830 [INFO] IPUIPlugin:80 - create IPUIPlugin
2026-02-13 19:01:10,833 [INFO] PluginManager:220 - loadIPPluginJar : add plateformsettings
2026-02-13 19:01:10,835 [INFO] IPUIPlugin:80 - create IPUIPlugin
2026-02-13 19:01:10,835 [INFO] PluginManager:220 - loadIPPluginJar : add quadspi
2026-02-13 19:01:10,839 [INFO] IPUIPlugin:80 - create IPUIPlugin
2026-02-13 19:01:10,840 [INFO] PluginManager:220 - loadIPPluginJar : add radio
2026-02-13 19:01:10,846 [INFO] IPUIPlugin:80 - create IPUIPlugin
2026-02-13 19:01:10,846 [INFO] PluginManager:220 - loadIPPluginJar : add resmgrutility
2026-02-13 19:01:10,849 [INFO] IPUIPlugin:80 - create IPUIPlugin
2026-02-13 19:01:10,850 [INFO] PluginManager:220 - loadIPPluginJar : add sai
2026-02-13 19:01:10,855 [INFO] IPUIPlugin:80 - create IPUIPlugin
2026-02-13 19:01:10,855 [INFO] PluginManager:220 - loadIPPluginJar : add spi
2026-02-13 19:01:10,863 [INFO] IPUIPlugin:80 - create IPUIPlugin
2026-02-13 19:01:10,864 [INFO] PluginManager:220 - loadIPPluginJar : add stm32_wpan
2026-02-13 19:01:10,866 [INFO] IPUIPlugin:80 - create IPUIPlugin
2026-02-13 19:01:10,866 [INFO] PluginManager:220 - loadIPPluginJar : add tim
2026-02-13 19:01:10,870 [INFO] IPUIPlugin:80 - create IPUIPlugin
2026-02-13 19:01:10,870 [INFO] PluginManager:220 - loadIPPluginJar : add touchsensing
2026-02-13 19:01:10,872 [INFO] IPUIPlugin:80 - create IPUIPlugin
2026-02-13 19:01:10,872 [INFO] PluginManager:220 - loadIPPluginJar : add tracer_emb
2026-02-13 19:01:10,875 [INFO] IPUIPlugin:80 - create IPUIPlugin
2026-02-13 19:01:10,876 [INFO] PluginManager:220 - loadIPPluginJar : add ts
2026-02-13 19:01:10,879 [INFO] IPUIPlugin:80 - create IPUIPlugin
2026-02-13 19:01:10,879 [INFO] PluginManager:220 - loadIPPluginJar : add tsc
2026-02-13 19:01:10,881 [INFO] IPUIPlugin:80 - create IPUIPlugin
2026-02-13 19:01:10,882 [INFO] PluginManager:220 - loadIPPluginJar : add ucpd
2026-02-13 19:01:10,885 [INFO] IPUIPlugin:80 - create IPUIPlugin
2026-02-13 19:01:10,885 [INFO] PluginManager:220 - loadIPPluginJar : add usart
2026-02-13 19:01:10,888 [INFO] IPUIPlugin:80 - create IPUIPlugin
2026-02-13 19:01:10,888 [INFO] PluginManager:220 - loadIPPluginJar : add usbx
2026-02-13 19:01:11,031 [FATAL] Updater:351 - Updater called before beeing initialized
2026-02-13 19:01:11,075 [INFO] RulesReader:64 - Compatibility file has been processed (317 Rules)
2026-02-13 19:01:11,095 [INFO] RulesReader:64 - Compatibility file has been processed (317 Rules)
2026-02-13 19:01:11,106 [INFO] CADModel:165 - CPN selected for project level
2026-02-13 19:01:11,107 [INFO] CADModel:114 - Register for checkConnection events
2026-02-13 19:01:11,107 [FATAL] Updater:351 - Updater called before beeing initialized
2026-02-13 19:01:11,107 [ERROR] CADModel:125 - Updater not yet initialized, retry later 
2026-02-13 19:01:11,348 [FATAL] Updater:351 - Updater called before beeing initialized
2026-02-13 19:01:11,349 [INFO] CADModel:165 - CPN selected for project level
2026-02-13 19:01:11,351 [INFO] CADModel:114 - Register for checkConnection events
2026-02-13 19:01:11,351 [FATAL] Updater:351 - Updater called before beeing initialized
2026-02-13 19:01:11,351 [ERROR] CADModel:125 - Updater not yet initialized, retry later 
2026-02-13 19:01:11,355 [FATAL] Updater:351 - Updater called before beeing initialized
2026-02-13 19:01:11,481 [ERROR] ConfigurationRetriever:142 - IOException on connection: Read timed out
2026-02-13 19:01:11,519 [FATAL] Updater:351 - Updater called before beeing initialized
2026-02-13 19:01:11,526 [INFO] DbMcusAds:53 - JSON generation date=Tue Feb 10 17:46:36 IST 2026 (1770725796209)
2026-02-13 19:01:11,526 [FATAL] Updater:351 - Updater called before beeing initialized
2026-02-13 19:01:11,585 [WARN] DetailPanel:346 - Failed to get advertising image, set to default
2026-02-13 19:01:11,715 [FATAL] Updater:351 - Updater called before beeing initialized
2026-02-13 19:01:11,719 [FATAL] Updater:351 - Updater called before beeing initialized
2026-02-13 19:01:11,719 [FATAL] Updater:351 - Updater called before beeing initialized
2026-02-13 19:01:11,720 [WARN] DetailPanel:346 - Failed to get advertising image, set to default
2026-02-13 19:01:11,721 [FATAL] Updater:351 - Updater called before beeing initialized
2026-02-13 19:01:11,805 [ERROR] Updater:1198 - MainUpdater not yet initialized. External WinMGr cannot be set.
2026-02-13 19:01:11,810 [INFO] Updater:1134 - Updater Version found : 6.15.0
2026-02-13 19:01:11,833 [INFO] ApplicationProperties:184 - Using Application install path: C:\ST\STM32CubeIDE_1.19.0\STM32CubeIDE\plugins\com.st.stm32cube.common.mx_6.15.0.202507011659
2026-02-13 19:01:12,915 [INFO] ThirdPartyUpdaterWithRetryManager:70 - Updater plugin not ready yet. [2/15]
2026-02-13 19:01:13,413 [ERROR] LogOutputStream:75 - [STDERR_REDIRECT] Feb 13, 2026 7:01:13 PM java.util.prefs.WindowsPreferences <init>
2026-02-13 19:01:13,414 [ERROR] LogOutputStream:75 - [STDERR_REDIRECT] WARNING: Could not open/create prefs root node Software\JavaSoft\Prefs at root 0xffffffff80000002. Windows RegCreateKeyEx(...) returned error code 5.
2026-02-13 19:01:13,414 [ERROR] LogOutputStream:75 - [STDERR_REDIRECT] 
2026-02-13 19:01:13,483 [ERROR] ConfigurationRetriever:142 - IOException on connection: Connect timed out
2026-02-13 19:01:14,480 [ERROR] ConfigurationRetriever:142 - IOException on connection: Read timed out
2026-02-13 19:01:15,916 [FATAL] Updater:351 - Updater called before beeing initialized
2026-02-13 19:01:15,916 [ERROR] IntegrityCheckThread:130 - Cannot retrieve database content from updater: error 21
2026-02-13 19:01:15,917 [INFO] ThirdParty:978 - Integrity check success = false
2026-02-13 19:01:15,917 [INFO] IntegrityCheckThread:100 - exiting critical section [integrity check]
2026-02-13 19:01:15,917 [INFO] IntegrityCheckThread:103 - End integrity checks thread
2026-02-13 19:01:19,482 [ERROR] ConfigurationRetriever:142 - IOException on connection: Connect timed out
2026-02-13 19:01:21,689 [WARN] CheckConnectionManager:291 - Warning during Server Connection :  timeout Connect to sw-center.st.com:443 [sw-center.st.com/23.201.53.161, sw-center.st.com/23.201.53.155, sw-center.st.com/2600:140f:4200:0:0:0:17c9:359b, sw-center.st.com/2600:140f:4200:0:0:0:17c9:35a1] failed: Connect timed out
2026-02-13 19:01:24,483 [ERROR] ConfigurationRetriever:142 - IOException on connection: Connect timed out
2026-02-13 19:01:25,910 [INFO] MainUpdater:2872 - connection check result : 10
2026-02-13 19:01:25,912 [INFO] MainUpdater:289 - Updater Check For Update Now.
2026-02-13 19:01:25,912 [INFO] MicroXplorer:498 - Change Database Version : DB.6.0.150
2026-02-13 19:01:25,931 [INFO] McuFinderGlobals:63 - Set McuFinder mode to 2 (CubeIDE integrated)
2026-02-13 19:01:25,932 [INFO] UserAuth:487 - Internet connection configuration mode: 1
2026-02-13 19:01:25,980 [INFO] JxBrowserEngine:152 - Initiate JxBrowser Engine with user profile folder
2026-02-13 19:01:26,119 [INFO] CheckServerUpdateThread:120 - End of CheckServer Thread
2026-02-13 19:01:27,097 [INFO] WebApp:169 - Instantiating new browser for Auth
2026-02-13 19:01:28,028 [INFO] WebApp:463 - Apply proxy settings
2026-02-13 19:01:28,029 [INFO] WebApp:548 - Chromium requires no authentication
2026-02-13 19:01:28,039 [INFO] WebApp:491 - Direct internet connection detected
2026-02-13 19:01:28,070 [INFO] WebApp:900 - Register for checkConnection events
2026-02-13 19:01:28,070 [INFO] WebApp:463 - Apply proxy settings
2026-02-13 19:01:28,070 [INFO] WebApp:548 - Chromium requires no authentication
2026-02-13 19:01:28,070 [INFO] WebApp:491 - Direct internet connection detected
2026-02-13 19:01:28,445 [INFO] WebApp:225 - Starting web application
2026-02-13 19:01:28,445 [INFO] WebApp:593 - Web application path used C:\ST\STM32CubeIDE_1.19.0\STM32CubeIDE\plugins\com.st.stm32cube.common.mx_6.15.0.202507011659\db\plugins\mcufinder\reactClient1\index.html
2026-02-13 19:01:28,587 [INFO] UserAuth:487 - Internet connection configuration mode: 1
2026-02-13 19:01:59,895 [INFO] WebApp:191 - Connection restablished
2026-02-13 19:06:20,588 [ERROR] LogOutputStream:75 - [STDERR_REDIRECT] 
2026-02-13 19:06:20,588 [ERROR] LogOutputStream:75 - [STDERR_REDIRECT] 
